Started GET "/articles" for 127.0.0.1 at 2022-05-06 09:38:56 -0700
  [1m[35m (2.5ms)[0m  [1m[34mSELECT sqlite_version(*)[0m
  
ActionController::RoutingError (No route matches [GET] "/articles"):
  
Started GET "/" for 127.0.0.1 at 2022-05-06 09:39:06 -0700
Processing by Rails::WelcomeController#index as HTML
  Rendering /var/lib/gems/2.7.0/gems/railties-7.0.2.4/lib/rails/templates/rails/welcome/index.html.erb
  Rendered /var/lib/gems/2.7.0/gems/railties-7.0.2.4/lib/rails/templates/rails/welcome/index.html.erb (Duration: 0.9ms | Allocations: 375)
Completed 200 OK in 7ms (Views: 2.1ms | ActiveRecord: 0.0ms | Allocations: 3769)


Started GET "/" for 127.0.0.1 at 2022-05-09 07:46:25 -0700
  [1m[35m (1.2ms)[0m  [1m[34mSELECT sqlite_version(*)[0m
Processing by Rails::WelcomeController#index as HTML
  Rendering /var/lib/gems/2.7.0/gems/railties-7.0.2.4/lib/rails/templates/rails/welcome/index.html.erb
  Rendered /var/lib/gems/2.7.0/gems/railties-7.0.2.4/lib/rails/templates/rails/welcome/index.html.erb (Duration: 2.9ms | Allocations: 562)
Completed 200 OK in 49ms (Views: 7.2ms | ActiveRecord: 0.0ms | Allocations: 5102)


Started GET "/home/index" for 127.0.0.1 at 2022-05-09 07:46:32 -0700
Processing by HomeController#index as HTML
  Rendering layout layouts/application.html.erb
  Rendering home/index.html.erb within layouts/application
  Rendered home/index.html.erb within layouts/application (Duration: 0.3ms | Allocations: 119)
  Rendered layout layouts/application.html.erb (Duration: 368.7ms | Allocations: 95069)
Completed 200 OK in 371ms (Views: 369.9ms | ActiveRecord: 0.0ms | Allocations: 96022)


Started GET "/home/index" for 127.0.0.1 at 2022-05-09 07:47:18 -0700
Processing by HomeController#index as HTML
  Rendering layout layouts/application.html.erb
  Rendering home/index.html.erb within layouts/application
  Rendered home/index.html.erb within layouts/application (Duration: 1.0ms | Allocations: 119)
  Rendered layout layouts/application.html.erb (Duration: 10.3ms | Allocations: 2690)
Completed 200 OK in 14ms (Views: 13.3ms | ActiveRecord: 0.0ms | Allocations: 3590)


Started GET "/home/index" for 127.0.0.1 at 2022-05-09 07:49:31 -0700
  
ActionController::RoutingError (No route matches [GET] "/home/index"):
  
Started GET "/home/index" for 127.0.0.1 at 2022-05-09 07:49:32 -0700
  
ActionController::RoutingError (No route matches [GET] "/home/index"):
  
Started GET "/home/index" for 127.0.0.1 at 2022-05-09 07:49:46 -0700
Processing by HomeController#index as HTML
  Rendering layout layouts/application.html.erb
  Rendering home/index.html.erb within layouts/application
  Rendered home/index.html.erb within layouts/application (Duration: 0.1ms | Allocations: 15)
  Rendered layout layouts/application.html.erb (Duration: 24.1ms | Allocations: 13472)
Completed 200 OK in 26ms (Views: 25.7ms | Allocations: 14105)


Started GET "/" for 127.0.0.1 at 2022-05-09 07:50:09 -0700
Processing by HomeController#index as HTML
  Rendering layout layouts/application.html.erb
  Rendering home/index.html.erb within layouts/application
  Rendered home/index.html.erb within layouts/application (Duration: 0.0ms | Allocations: 15)
  Rendered layout layouts/application.html.erb (Duration: 2.5ms | Allocations: 2341)
Completed 200 OK in 3ms (Views: 3.0ms | Allocations: 2591)


Started GET "/" for 127.0.0.1 at 2022-05-09 07:51:45 -0700
Processing by HomeController#index as HTML
  Rendering layout layouts/application.html.erb
  Rendering home/index.html.erb within layouts/application
  Rendered home/index.html.erb within layouts/application (Duration: 1.1ms | Allocations: 117)
  Rendered layout layouts/application.html.erb (Duration: 8.8ms | Allocations: 2683)
Completed 200 OK in 14ms (Views: 13.6ms | Allocations: 3579)


Started GET "/home/about" for 127.0.0.1 at 2022-05-09 08:00:23 -0700
  
ArgumentError (Missing :controller key on routes definition, please check your routes.):
  
config/routes.rb:3:in `block in <main>'
config/routes.rb:1:in `<main>'
Started GET "/home/about" for 127.0.0.1 at 2022-05-09 08:01:14 -0700
  
ArgumentError (Missing :controller key on routes definition, please check your routes.):
  
config/routes.rb:3:in `block in <main>'
config/routes.rb:1:in `<main>'
Started GET "/home/about" for 127.0.0.1 at 2022-05-09 08:01:15 -0700
  
ActionController::RoutingError (No route matches [GET] "/home/about"):
  
Started GET "/home/about" for 127.0.0.1 at 2022-05-09 08:01:15 -0700
  
ActionController::RoutingError (No route matches [GET] "/home/about"):
  
Started GET "/home/about" for 127.0.0.1 at 2022-05-09 08:01:16 -0700
  
ActionController::RoutingError (No route matches [GET] "/home/about"):
  
Started GET "/home/about" for 127.0.0.1 at 2022-05-09 08:01:17 -0700
  
ActionController::RoutingError (No route matches [GET] "/home/about"):
  
Started GET "/home/about" for 127.0.0.1 at 2022-05-09 08:01:18 -0700
  
ActionController::RoutingError (No route matches [GET] "/home/about"):
  
Started GET "/home/about" for 127.0.0.1 at 2022-05-09 08:01:19 -0700
  
ActionController::RoutingError (No route matches [GET] "/home/about"):
  
Started GET "/home/about" for 127.0.0.1 at 2022-05-09 08:01:19 -0700
  
ActionController::RoutingError (No route matches [GET] "/home/about"):
  
Started GET "/home/about" for 127.0.0.1 at 2022-05-09 08:01:19 -0700
  
ActionController::RoutingError (No route matches [GET] "/home/about"):
  
Started GET "/home/about" for 127.0.0.1 at 2022-05-09 08:01:20 -0700
  
ActionController::RoutingError (No route matches [GET] "/home/about"):
  
Started GET "/home/about" for 127.0.0.1 at 2022-05-09 08:01:20 -0700
  
ActionController::RoutingError (No route matches [GET] "/home/about"):
  
Started GET "/" for 127.0.0.1 at 2022-05-09 08:01:24 -0700
  
ActionController::RoutingError (No route matches [GET] "/"):
  
Started GET "/" for 127.0.0.1 at 2022-05-09 08:01:37 -0700
  
ArgumentError (Missing :controller key on routes definition, please check your routes.):
  
config/routes.rb:3:in `block in <main>'
config/routes.rb:1:in `<main>'
Started GET "/" for 127.0.0.1 at 2022-05-09 08:01:38 -0700
  
ActionController::RoutingError (No route matches [GET] "/"):
  
Started GET "/" for 127.0.0.1 at 2022-05-09 08:01:39 -0700
  
ActionController::RoutingError (No route matches [GET] "/"):
  
Started GET "/" for 127.0.0.1 at 2022-05-09 08:01:39 -0700
  
ActionController::RoutingError (No route matches [GET] "/"):
  
Started GET "/" for 127.0.0.1 at 2022-05-09 08:01:40 -0700
  
ActionController::RoutingError (No route matches [GET] "/"):
  
Started GET "/" for 127.0.0.1 at 2022-05-09 08:01:40 -0700
  
ActionController::RoutingError (No route matches [GET] "/"):
  
Started GET "/" for 127.0.0.1 at 2022-05-09 08:01:40 -0700
  
ActionController::RoutingError (No route matches [GET] "/"):
  
Started GET "/" for 127.0.0.1 at 2022-05-09 08:01:43 -0700
  
ArgumentError (Missing :controller key on routes definition, please check your routes.):
  
config/routes.rb:3:in `block in <main>'
config/routes.rb:1:in `<main>'
Started GET "/" for 127.0.0.1 at 2022-05-09 08:02:05 -0700
  
ArgumentError (Invalid route name, already in use: 'root' 
You may have defined two routes with the same name using the `:as` option, or you may be overriding a route already defined by a resource with the same naming. For the latter, you can restrict the routes created with `resources` as explained here: 
https://guides.rubyonrails.org/routing.html#restricting-the-routes-created):
  
config/routes.rb:4:in `block in <main>'
config/routes.rb:1:in `<main>'
Started GET "/" for 127.0.0.1 at 2022-05-09 08:02:06 -0700
Processing by HomeController#about as HTML
  Rendering layout layouts/application.html.erb
  Rendering home/about.html.erb within layouts/application
  Rendered home/about.html.erb within layouts/application (Duration: 0.3ms | Allocations: 115)
  Rendered layout layouts/application.html.erb (Duration: 13.8ms | Allocations: 13796)
Completed 200 OK in 16ms (Views: 15.1ms | Allocations: 14654)


Started GET "/" for 127.0.0.1 at 2022-05-09 08:02:06 -0700
Processing by HomeController#about as HTML
  Rendering layout layouts/application.html.erb
  Rendering home/about.html.erb within layouts/application
  Rendered home/about.html.erb within layouts/application (Duration: 0.0ms | Allocations: 15)
  Rendered layout layouts/application.html.erb (Duration: 2.7ms | Allocations: 2355)
Completed 200 OK in 4ms (Views: 3.2ms | Allocations: 2606)


Started GET "/home/index" for 127.0.0.1 at 2022-05-09 08:02:38 -0700
  
ActionController::RoutingError (No route matches [GET] "/home/index"):
  
Started GET "/home/index" for 127.0.0.1 at 2022-05-09 08:02:53 -0700
  
ArgumentError (Missing :controller key on routes definition, please check your routes.):
  
config/routes.rb:3:in `block in <main>'
config/routes.rb:1:in `<main>'
Started GET "/home/index" for 127.0.0.1 at 2022-05-09 08:02:54 -0700
  
ActionController::RoutingError (No route matches [GET] "/home/index"):
  
Started GET "/home/index" for 127.0.0.1 at 2022-05-09 08:02:54 -0700
  
ActionController::RoutingError (No route matches [GET] "/home/index"):
  
Started GET "/home/index" for 127.0.0.1 at 2022-05-09 08:02:55 -0700
  
ActionController::RoutingError (No route matches [GET] "/home/index"):
  
Started GET "/home/index" for 127.0.0.1 at 2022-05-09 08:02:55 -0700
  
ActionController::RoutingError (No route matches [GET] "/home/index"):
  
Started GET "/home/index" for 127.0.0.1 at 2022-05-09 08:02:55 -0700
  
ActionController::RoutingError (No route matches [GET] "/home/index"):
  
Started GET "/home/index" for 127.0.0.1 at 2022-05-09 08:02:56 -0700
  
ActionController::RoutingError (No route matches [GET] "/home/index"):
  
Started GET "/home/index" for 127.0.0.1 at 2022-05-09 08:02:56 -0700
  
ActionController::RoutingError (No route matches [GET] "/home/index"):
  
Started GET "/home/index" for 127.0.0.1 at 2022-05-09 08:02:56 -0700
  
ActionController::RoutingError (No route matches [GET] "/home/index"):
  
Started GET "/home/index" for 127.0.0.1 at 2022-05-09 08:02:56 -0700
  
ActionController::RoutingError (No route matches [GET] "/home/index"):
  
Started GET "/home/index" for 127.0.0.1 at 2022-05-09 08:02:56 -0700
  
ActionController::RoutingError (No route matches [GET] "/home/index"):
  
Started GET "/home/index" for 127.0.0.1 at 2022-05-09 08:02:57 -0700
  
ActionController::RoutingError (No route matches [GET] "/home/index"):
  
Started GET "/home/index" for 127.0.0.1 at 2022-05-09 08:02:57 -0700
  
ActionController::RoutingError (No route matches [GET] "/home/index"):
  
Started GET "/home/index" for 127.0.0.1 at 2022-05-09 08:02:57 -0700
  
ActionController::RoutingError (No route matches [GET] "/home/index"):
  
Started GET "/home/index" for 127.0.0.1 at 2022-05-09 08:03:27 -0700
  
ActionController::RoutingError (No route matches [GET] "/home/index"):
  
Started GET "/home/index" for 127.0.0.1 at 2022-05-09 08:03:27 -0700
  
ActionController::RoutingError (No route matches [GET] "/home/index"):
  
Started GET "/home/index" for 127.0.0.1 at 2022-05-09 08:03:28 -0700
  
ActionController::RoutingError (No route matches [GET] "/home/index"):
  
Started GET "/home/index" for 127.0.0.1 at 2022-05-09 08:03:28 -0700
  
ActionController::RoutingError (No route matches [GET] "/home/index"):
  
Started GET "/home/index" for 127.0.0.1 at 2022-05-09 08:03:29 -0700
  
ActionController::RoutingError (No route matches [GET] "/home/index"):
  
Started GET "/home/index" for 127.0.0.1 at 2022-05-09 08:03:29 -0700
  
ActionController::RoutingError (No route matches [GET] "/home/index"):
  
Started GET "/home/index" for 127.0.0.1 at 2022-05-09 08:03:29 -0700
  
ActionController::RoutingError (No route matches [GET] "/home/index"):
  
Started GET "/home/index" for 127.0.0.1 at 2022-05-09 08:03:30 -0700
  
ActionController::RoutingError (No route matches [GET] "/home/index"):
  
Started GET "/home/index" for 127.0.0.1 at 2022-05-09 08:03:30 -0700
  
ActionController::RoutingError (No route matches [GET] "/home/index"):
  
Started GET "/home/index" for 127.0.0.1 at 2022-05-09 08:03:30 -0700
  
ActionController::RoutingError (No route matches [GET] "/home/index"):
  
Started GET "/" for 127.0.0.1 at 2022-05-09 08:03:33 -0700
Processing by HomeController#index as HTML
  Rendering layout layouts/application.html.erb
  Rendering home/index.html.erb within layouts/application
  Rendered home/index.html.erb within layouts/application (Duration: 0.5ms | Allocations: 118)
  Rendered layout layouts/application.html.erb (Duration: 18.1ms | Allocations: 13592)
Completed 200 OK in 22ms (Views: 21.1ms | Allocations: 14277)


Started GET "/home/about" for 127.0.0.1 at 2022-05-09 08:03:41 -0700
Processing by HomeController#about as HTML
  Rendering layout layouts/application.html.erb
  Rendering home/about.html.erb within layouts/application
  Rendered home/about.html.erb within layouts/application (Duration: 0.0ms | Allocations: 15)
  Rendered layout layouts/application.html.erb (Duration: 3.5ms | Allocations: 2353)
Completed 200 OK in 4ms (Views: 4.1ms | Allocations: 2605)


Started GET "/" for 127.0.0.1 at 2022-05-09 08:08:20 -0700
Processing by HomeController#index as HTML
  Rendering layout layouts/application.html.erb
  Rendering home/index.html.erb within layouts/application
  Rendered home/index.html.erb within layouts/application (Duration: 0.6ms | Allocations: 121)
  Rendered layout layouts/application.html.erb (Duration: 4.1ms | Allocations: 2720)
Completed 200 OK in 8ms (Views: 6.4ms | Allocations: 3617)


Started GET "/home/about" for 127.0.0.1 at 2022-05-09 08:08:22 -0700
Processing by HomeController#about as HTML
  Rendering layout layouts/application.html.erb
  Rendering home/about.html.erb within layouts/application
  Rendered home/about.html.erb within layouts/application (Duration: 0.6ms | Allocations: 113)
  Rendered layout layouts/application.html.erb (Duration: 4.3ms | Allocations: 2460)
Completed 200 OK in 6ms (Views: 5.2ms | Allocations: 2763)


Started GET "/home/about" for 127.0.0.1 at 2022-05-09 08:08:22 -0700
Processing by HomeController#about as HTML
  Rendering layout layouts/application.html.erb
  Rendering home/about.html.erb within layouts/application
  Rendered home/about.html.erb within layouts/application (Duration: 0.0ms | Allocations: 15)
  Rendered layout layouts/application.html.erb (Duration: 2.5ms | Allocations: 2353)
Completed 200 OK in 3ms (Views: 2.9ms | Allocations: 2604)


Started GET "/" for 127.0.0.1 at 2022-05-09 08:08:23 -0700
Processing by HomeController#index as HTML
  Rendering layout layouts/application.html.erb
  Rendering home/index.html.erb within layouts/application
  Rendered home/index.html.erb within layouts/application (Duration: 0.1ms | Allocations: 15)
  Rendered layout layouts/application.html.erb (Duration: 3.2ms | Allocations: 2356)
Completed 200 OK in 4ms (Views: 3.7ms | Allocations: 2606)


Started GET "/" for 127.0.0.1 at 2022-05-09 08:08:52 -0700
Processing by HomeController#index as HTML
  Rendering layout layouts/application.html.erb
  Rendering home/index.html.erb within layouts/application
  Rendered home/index.html.erb within layouts/application (Duration: 0.0ms | Allocations: 15)
  Rendered layout layouts/application.html.erb (Duration: 3.6ms | Allocations: 2360)
Completed 200 OK in 4ms (Views: 4.1ms | Allocations: 2610)


Started GET "/" for 127.0.0.1 at 2022-05-09 08:09:09 -0700
Processing by HomeController#index as HTML
  Rendering layout layouts/application.html.erb
  Rendering home/index.html.erb within layouts/application
  Rendered home/index.html.erb within layouts/application (Duration: 0.0ms | Allocations: 15)
  Rendered layout layouts/application.html.erb (Duration: 2.6ms | Allocations: 2348)
Completed 200 OK in 3ms (Views: 3.1ms | Allocations: 2598)


Started GET "/" for 127.0.0.1 at 2022-05-09 08:09:10 -0700
Processing by HomeController#index as HTML
  Rendering layout layouts/application.html.erb
  Rendering home/index.html.erb within layouts/application
  Rendered home/index.html.erb within layouts/application (Duration: 0.0ms | Allocations: 15)
  Rendered layout layouts/application.html.erb (Duration: 3.3ms | Allocations: 2350)
Completed 200 OK in 5ms (Views: 4.3ms | Allocations: 2600)


Started GET "/" for 127.0.0.1 at 2022-05-09 08:09:13 -0700
Processing by HomeController#index as HTML
  Rendering layout layouts/application.html.erb
  Rendering home/index.html.erb within layouts/application
  Rendered home/index.html.erb within layouts/application (Duration: 0.0ms | Allocations: 15)
  Rendered layout layouts/application.html.erb (Duration: 3.0ms | Allocations: 2350)
Completed 200 OK in 4ms (Views: 3.5ms | Allocations: 2600)


Started GET "/" for 127.0.0.1 at 2022-05-09 08:11:11 -0700
Processing by HomeController#index as HTML
  Rendering layout layouts/application.html.erb
  Rendering home/index.html.erb within layouts/application
  Rendered home/index.html.erb within layouts/application (Duration: 0.4ms | Allocations: 116)
  Rendered layout layouts/application.html.erb (Duration: 7.3ms | Allocations: 2716)
Completed 200 OK in 9ms (Views: 8.7ms | Allocations: 3612)


Started GET "/" for 127.0.0.1 at 2022-05-09 08:11:54 -0700
Processing by HomeController#index as HTML
  Rendering layout layouts/application.html.erb
  Rendering home/index.html.erb within layouts/application
  Rendered home/index.html.erb within layouts/application (Duration: 1.1ms | Allocations: 116)
  Rendered layout layouts/application.html.erb (Duration: 7.8ms | Allocations: 2714)
Completed 200 OK in 10ms (Views: 9.2ms | Allocations: 3610)


Started GET "/" for 127.0.0.1 at 2022-05-09 08:16:07 -0700
Processing by HomeController#index as HTML
  Rendering layout layouts/application.html.erb
  Rendering home/index.html.erb within layouts/application
  Rendered home/index.html.erb within layouts/application (Duration: 0.3ms | Allocations: 116)
  Rendered home/_header.html.erb (Duration: 0.3ms | Allocations: 110)
  Rendered layout layouts/application.html.erb (Duration: 7.1ms | Allocations: 2958)
Completed 200 OK in 9ms (Views: 8.8ms | Allocations: 3854)


Started GET "/" for 127.0.0.1 at 2022-05-09 08:18:50 -0700
Processing by HomeController#index as HTML
  Rendering layout layouts/application.html.erb
  Rendering home/index.html.erb within layouts/application
  Rendered home/index.html.erb within layouts/application (Duration: 0.3ms | Allocations: 116)
  Rendered home/_header.html.erb (Duration: 0.4ms | Allocations: 179)
  Rendered layout layouts/application.html.erb (Duration: 5.1ms | Allocations: 3028)
Completed 200 OK in 7ms (Views: 6.6ms | Allocations: 3924)


Started GET "/" for 127.0.0.1 at 2022-05-09 08:20:15 -0700
Processing by HomeController#index as HTML
  Rendering layout layouts/application.html.erb
  Rendering home/index.html.erb within layouts/application
  Rendered home/index.html.erb within layouts/application (Duration: 0.5ms | Allocations: 116)
  Rendered home/_header.html.erb (Duration: 0.7ms | Allocations: 173)
  Rendered layout layouts/application.html.erb (Duration: 8.9ms | Allocations: 3012)
Completed 200 OK in 11ms (Views: 10.4ms | Allocations: 3908)


Started GET "/" for 127.0.0.1 at 2022-05-09 08:21:16 -0700
Processing by HomeController#index as HTML
  Rendering layout layouts/application.html.erb
  Rendering home/index.html.erb within layouts/application
  Rendered home/index.html.erb within layouts/application (Duration: 0.4ms | Allocations: 116)
  Rendered home/_header.html.erb (Duration: 0.4ms | Allocations: 151)
  Rendered layout layouts/application.html.erb (Duration: 5.7ms | Allocations: 2998)
Completed 200 OK in 8ms (Views: 7.1ms | Allocations: 3894)


Started GET "/" for 127.0.0.1 at 2022-05-09 08:22:36 -0700
Processing by HomeController#index as HTML
  Rendering layout layouts/application.html.erb
  Rendering home/index.html.erb within layouts/application
  Rendered home/index.html.erb within layouts/application (Duration: 4.7ms | Allocations: 116)
  Rendered home/_header.html.erb (Duration: 0.9ms | Allocations: 145)
  Rendered layout layouts/application.html.erb (Duration: 11.1ms | Allocations: 2990)
Completed 200 OK in 13ms (Views: 12.6ms | Allocations: 3887)


Started GET "/" for 127.0.0.1 at 2022-05-09 08:26:44 -0700
Processing by HomeController#index as HTML
  Rendering layout layouts/application.html.erb
  Rendering home/index.html.erb within layouts/application
  Rendered home/index.html.erb within layouts/application (Duration: 0.4ms | Allocations: 116)
  Rendered home/_header.html.erb (Duration: 0.6ms | Allocations: 228)
  Rendered layout layouts/application.html.erb (Duration: 5.2ms | Allocations: 3073)
Completed 200 OK in 7ms (Views: 6.7ms | Allocations: 3969)


Started GET "/home/about" for 127.0.0.1 at 2022-05-09 08:26:51 -0700
Processing by HomeController#about as HTML
  Rendering layout layouts/application.html.erb
  Rendering home/about.html.erb within layouts/application
  Rendered home/about.html.erb within layouts/application (Duration: 0.5ms | Allocations: 113)
  Rendered home/_header.html.erb (Duration: 0.4ms | Allocations: 62)
  Rendered layout layouts/application.html.erb (Duration: 4.4ms | Allocations: 2586)
Completed 200 OK in 5ms (Views: 4.9ms | Allocations: 2889)


Started GET "/" for 127.0.0.1 at 2022-05-09 08:26:53 -0700
Processing by HomeController#index as HTML
  Rendering layout layouts/application.html.erb
  Rendering home/index.html.erb within layouts/application
  Rendered home/index.html.erb within layouts/application (Duration: 0.1ms | Allocations: 15)
  Rendered home/_header.html.erb (Duration: 0.1ms | Allocations: 57)
  Rendered layout layouts/application.html.erb (Duration: 3.1ms | Allocations: 2475)
Completed 200 OK in 4ms (Views: 3.6ms | Allocations: 2729)


Started GET "/" for 127.0.0.1 at 2022-05-09 08:30:10 -0700
Processing by HomeController#index as HTML
  Rendering layout layouts/application.html.erb
  Rendering home/index.html.erb within layouts/application
  Rendered home/index.html.erb within layouts/application (Duration: 0.4ms | Allocations: 116)
  Rendered home/_header.html.erb (Duration: 0.6ms | Allocations: 277)
  Rendered layout layouts/application.html.erb (Duration: 5.0ms | Allocations: 3122)
Completed 200 OK in 7ms (Views: 6.4ms | Allocations: 4018)


Started GET "/home/about" for 127.0.0.1 at 2022-05-09 08:30:11 -0700
Processing by HomeController#about as HTML
  Rendering layout layouts/application.html.erb
  Rendering home/about.html.erb within layouts/application
  Rendered home/about.html.erb within layouts/application (Duration: 0.4ms | Allocations: 114)
  Rendered home/_header.html.erb (Duration: 0.2ms | Allocations: 100)
  Rendered layout layouts/application.html.erb (Duration: 4.5ms | Allocations: 2627)
Completed 200 OK in 5ms (Views: 5.0ms | Allocations: 2933)


Started GET "/" for 127.0.0.1 at 2022-05-09 08:30:11 -0700
Processing by HomeController#index as HTML
  Rendering layout layouts/application.html.erb
  Rendering home/index.html.erb within layouts/application
  Rendered home/index.html.erb within layouts/application (Duration: 0.0ms | Allocations: 15)
  Rendered home/_header.html.erb (Duration: 0.3ms | Allocations: 94)
  Rendered layout layouts/application.html.erb (Duration: 7.6ms | Allocations: 2512)
Completed 200 OK in 9ms (Views: 8.5ms | Allocations: 2766)


Started GET "/home/about" for 127.0.0.1 at 2022-05-09 08:30:12 -0700
Processing by HomeController#about as HTML
  Rendering layout layouts/application.html.erb
  Rendering home/about.html.erb within layouts/application
  Rendered home/about.html.erb within layouts/application (Duration: 0.1ms | Allocations: 15)
  Rendered home/_header.html.erb (Duration: 0.2ms | Allocations: 94)
  Rendered layout layouts/application.html.erb (Duration: 4.5ms | Allocations: 2495)
Completed 200 OK in 6ms (Views: 5.1ms | Allocations: 2748)


Started GET "/" for 127.0.0.1 at 2022-05-09 08:30:13 -0700
Processing by HomeController#index as HTML
  Rendering layout layouts/application.html.erb
  Rendering home/index.html.erb within layouts/application
  Rendered home/index.html.erb within layouts/application (Duration: 0.1ms | Allocations: 15)
  Rendered home/_header.html.erb (Duration: 0.2ms | Allocations: 94)
  Rendered layout layouts/application.html.erb (Duration: 5.5ms | Allocations: 2504)
Completed 200 OK in 7ms (Views: 6.2ms | Allocations: 2757)


  [1m[35m (0.4ms)[0m  [1m[34mSELECT sqlite_version(*)[0m
  [1m[35m (0.4ms)[0m  [1m[34mSELECT sqlite_version(*)[0m
  [1m[35m (1.7ms)[0m  [1m[35mCREATE TABLE "schema_migrations" ("version" varchar NOT NULL PRIMARY KEY)[0m
  [1m[35m (1.6ms)[0m  [1m[35mCREATE TABLE "ar_internal_metadata" ("key" varchar NOT NULL PRIMARY KEY, "value" varchar, "created_at" datetime(6) NOT NULL, "updated_at" datetime(6) NOT NULL)[0m
  [1m[36mActiveRecord::SchemaMigration Pluck (0.1ms)[0m  [1m[34mSELECT "schema_migrations"."version" FROM "schema_migrations" ORDER BY "schema_migrations"."version" ASC[0m
Migrating to CreateHumen (20220509171747)
  [1m[36mTRANSACTION (0.0ms)[0m  [1m[36mbegin transaction[0m
  [1m[35m (0.4ms)[0m  [1m[35mCREATE TABLE "humen" ("id" integer PRIMARY KEY AUTOINCREMENT NOT NULL, "first_name" varchar, "last_name" varchar, "email" varchar, "phone" varchar, "twitter" varchar, "created_at" datetime(6) NOT NULL, "updated_at" datetime(6) NOT NULL)[0m
  [1m[36mActiveRecord::SchemaMigration Create (0.3ms)[0m  [1m[32mINSERT INTO "schema_migrations" ("version") VALUES (?)[0m  [["version", "20220509171747"]]
  [1m[36mTRANSACTION (1.6ms)[0m  [1m[36mcommit transaction[0m
  [1m[36mActiveRecord::InternalMetadata Load (0.1ms)[0m  [1m[34mSELECT "ar_internal_metadata".* FROM "ar_internal_metadata" WHERE "ar_internal_metadata"."key" = ? LIMIT ?[0m  [["key", "environment"], ["LIMIT", 1]]
  [1m[36mTRANSACTION (0.1ms)[0m  [1m[36mbegin transaction[0m
  [1m[36mActiveRecord::InternalMetadata Create (0.4ms)[0m  [1m[32mINSERT INTO "ar_internal_metadata" ("key", "value", "created_at", "updated_at") VALUES (?, ?, ?, ?)[0m  [["key", "environment"], ["value", "development"], ["created_at", "2022-05-09 17:20:00.793927"], ["updated_at", "2022-05-09 17:20:00.793927"]]
  [1m[36mTRANSACTION (1.5ms)[0m  [1m[36mcommit transaction[0m
  [1m[35m (0.0ms)[0m  [1m[34mSELECT sqlite_version(*)[0m
  [1m[36mActiveRecord::SchemaMigration Pluck (0.1ms)[0m  [1m[34mSELECT "schema_migrations"."version" FROM "schema_migrations" ORDER BY "schema_migrations"."version" ASC[0m
Started GET "/humen" for 127.0.0.1 at 2022-05-09 10:23:59 -0700
  [1m[35m (0.2ms)[0m  [1m[34mSELECT sqlite_version(*)[0m
  [1m[36mActiveRecord::SchemaMigration Pluck (0.1ms)[0m  [1m[34mSELECT "schema_migrations"."version" FROM "schema_migrations" ORDER BY "schema_migrations"."version" ASC[0m
Processing by HumenController#index as HTML
  Rendering layout layouts/application.html.erb
  Rendering humen/index.html.erb within layouts/application
  [1m[36mHuman Load (0.2ms)[0m  [1m[34mSELECT "humen".* FROM "humen"[0m
  ↳ app/views/humen/index.html.erb:6
  Rendered humen/index.html.erb within layouts/application (Duration: 3.6ms | Allocations: 987)
  Rendered home/_header.html.erb (Duration: 1.3ms | Allocations: 264)
  Rendered layout layouts/application.html.erb (Duration: 20.5ms | Allocations: 14944)
Completed 200 OK in 39ms (Views: 21.8ms | ActiveRecord: 0.2ms | Allocations: 16335)


Started GET "/humen/new" for 127.0.0.1 at 2022-05-09 10:24:13 -0700
Processing by HumenController#new as HTML
  Rendering layout layouts/application.html.erb
  Rendering humen/new.html.erb within layouts/application
  Rendered humen/_form.html.erb (Duration: 69.3ms | Allocations: 5493)
  Rendered humen/new.html.erb within layouts/application (Duration: 70.2ms | Allocations: 5801)
  Rendered home/_header.html.erb (Duration: 0.1ms | Allocations: 86)
  Rendered layout layouts/application.html.erb (Duration: 74.0ms | Allocations: 8137)
Completed 200 OK in 92ms (Views: 74.6ms | ActiveRecord: 0.9ms | Allocations: 14197)


Started POST "/humen" for 127.0.0.1 at 2022-05-09 10:24:26 -0700
Processing by HumenController#create as TURBO_STREAM
  Parameters: {"authenticity_token"=>"[FILTERED]", "human"=>{"first_name"=>"1", "last_name"=>"2", "email"=>"3", "phone"=>"4", "twitter"=>"5"}, "commit"=>"Create Human"}
  [1m[36mTRANSACTION (0.1ms)[0m  [1m[36mbegin transaction[0m
  ↳ app/controllers/humen_controller.rb:27:in `block in create'
  [1m[36mHuman Create (0.3ms)[0m  [1m[32mINSERT INTO "humen" ("first_name", "last_name", "email", "phone", "twitter", "created_at", "updated_at") VALUES (?, ?, ?, ?, ?, ?, ?)[0m  [["first_name", "1"], ["last_name", "2"], ["email", "3"], ["phone", "4"], ["twitter", "5"], ["created_at", "2022-05-09 17:24:26.439135"], ["updated_at", "2022-05-09 17:24:26.439135"]]
  ↳ app/controllers/humen_controller.rb:27:in `block in create'
  [1m[36mTRANSACTION (1.2ms)[0m  [1m[36mcommit transaction[0m
  ↳ app/controllers/humen_controller.rb:27:in `block in create'
Redirected to http://localhost:3000/humen/1
Completed 302 Found in 7ms (ActiveRecord: 1.6ms | Allocations: 2895)


Started GET "/humen/1" for 127.0.0.1 at 2022-05-09 10:24:26 -0700
Processing by HumenController#show as TURBO_STREAM
  Parameters: {"id"=>"1"}
  [1m[36mHuman Load (0.2ms)[0m  [1m[34mSELECT "humen".* FROM "humen" WHERE "humen"."id" = ? LIMIT ?[0m  [["id", 1], ["LIMIT", 1]]
  ↳ app/controllers/humen_controller.rb:63:in `set_human'
  Rendering layout layouts/application.html.erb
  Rendering humen/show.html.erb within layouts/application
  Rendered humen/_human.html.erb (Duration: 1.1ms | Allocations: 283)
  Rendered humen/show.html.erb within layouts/application (Duration: 13.7ms | Allocations: 1398)
  Rendered home/_header.html.erb (Duration: 0.3ms | Allocations: 86)
  Rendered layout layouts/application.html.erb (Duration: 17.1ms | Allocations: 3726)
Completed 200 OK in 21ms (Views: 17.6ms | ActiveRecord: 0.2ms | Allocations: 6223)


Started GET "/humen" for 127.0.0.1 at 2022-05-09 10:24:31 -0700
Processing by HumenController#index as HTML
  Rendering layout layouts/application.html.erb
  Rendering humen/index.html.erb within layouts/application
  [1m[36mHuman Load (0.1ms)[0m  [1m[34mSELECT "humen".* FROM "humen"[0m
  ↳ app/views/humen/index.html.erb:6
  Rendered humen/_human.html.erb (Duration: 0.2ms | Allocations: 29)
  Rendered humen/index.html.erb within layouts/application (Duration: 2.1ms | Allocations: 874)
  Rendered home/_header.html.erb (Duration: 0.2ms | Allocations: 84)
  Rendered layout layouts/application.html.erb (Duration: 5.9ms | Allocations: 3200)
Completed 200 OK in 7ms (Views: 6.6ms | ActiveRecord: 0.1ms | Allocations: 3472)


Started GET "/humen/1" for 127.0.0.1 at 2022-05-09 10:24:35 -0700
Processing by HumenController#show as HTML
  Parameters: {"id"=>"1"}
  [1m[36mHuman Load (0.1ms)[0m  [1m[34mSELECT "humen".* FROM "humen" WHERE "humen"."id" = ? LIMIT ?[0m  [["id", 1], ["LIMIT", 1]]
  ↳ app/controllers/humen_controller.rb:63:in `set_human'
  Rendering layout layouts/application.html.erb
  Rendering humen/show.html.erb within layouts/application
  Rendered humen/_human.html.erb (Duration: 0.1ms | Allocations: 29)
  Rendered humen/show.html.erb within layouts/application (Duration: 0.9ms | Allocations: 558)
  Rendered home/_header.html.erb (Duration: 0.3ms | Allocations: 84)
  Rendered layout layouts/application.html.erb (Duration: 6.0ms | Allocations: 2876)
Completed 200 OK in 8ms (Views: 6.5ms | ActiveRecord: 0.1ms | Allocations: 3592)


Started GET "/humen" for 127.0.0.1 at 2022-05-09 10:24:48 -0700
Processing by HumenController#index as HTML
  Rendering layout layouts/application.html.erb
  Rendering humen/index.html.erb within layouts/application
  [1m[36mHuman Load (0.1ms)[0m  [1m[34mSELECT "humen".* FROM "humen"[0m
  ↳ app/views/humen/index.html.erb:6
  Rendered humen/_human.html.erb (Duration: 0.1ms | Allocations: 29)
  Rendered humen/index.html.erb within layouts/application (Duration: 2.0ms | Allocations: 857)
  Rendered home/_header.html.erb (Duration: 0.1ms | Allocations: 84)
  Rendered layout layouts/application.html.erb (Duration: 5.5ms | Allocations: 3183)
Completed 200 OK in 7ms (Views: 6.2ms | ActiveRecord: 0.1ms | Allocations: 3449)


Started GET "/humen" for 127.0.0.1 at 2022-05-09 10:25:28 -0700
Processing by HumenController#index as HTML
  Rendering layout layouts/application.html.erb
  Rendering humen/index.html.erb within layouts/application
  [1m[36mHuman Load (0.1ms)[0m  [1m[34mSELECT "humen".* FROM "humen"[0m
  ↳ app/views/humen/index.html.erb:6
  Rendered humen/_human.html.erb (Duration: 0.1ms | Allocations: 29)
  Rendered humen/index.html.erb within layouts/application (Duration: 2.2ms | Allocations: 866)
  Rendered home/_header.html.erb (Duration: 0.2ms | Allocations: 84)
  Rendered layout layouts/application.html.erb (Duration: 5.7ms | Allocations: 3192)
Completed 200 OK in 6ms (Views: 6.0ms | ActiveRecord: 0.1ms | Allocations: 3456)


Started GET "/humen" for 127.0.0.1 at 2022-05-09 10:25:30 -0700
Processing by HumenController#index as HTML
  Rendering layout layouts/application.html.erb
  Rendering humen/index.html.erb within layouts/application
  [1m[36mHuman Load (0.1ms)[0m  [1m[34mSELECT "humen".* FROM "humen"[0m
  ↳ app/views/humen/index.html.erb:6
  Rendered humen/_human.html.erb (Duration: 0.1ms | Allocations: 29)
  Rendered humen/index.html.erb within layouts/application (Duration: 2.0ms | Allocations: 873)
  Rendered home/_header.html.erb (Duration: 0.2ms | Allocations: 84)
  Rendered layout layouts/application.html.erb (Duration: 5.7ms | Allocations: 3199)
Completed 200 OK in 6ms (Views: 6.0ms | ActiveRecord: 0.1ms | Allocations: 3462)


Started GET "/humen/new" for 127.0.0.1 at 2022-05-09 10:25:36 -0700
Processing by HumenController#new as HTML
  Rendering layout layouts/application.html.erb
  Rendering humen/new.html.erb within layouts/application
  Rendered humen/_form.html.erb (Duration: 2.8ms | Allocations: 1726)
  Rendered humen/new.html.erb within layouts/application (Duration: 4.2ms | Allocations: 1823)
  Rendered home/_header.html.erb (Duration: 0.1ms | Allocations: 84)
  Rendered layout layouts/application.html.erb (Duration: 8.2ms | Allocations: 4148)
Completed 200 OK in 9ms (Views: 8.9ms | ActiveRecord: 0.0ms | Allocations: 4419)


Started POST "/humen" for 127.0.0.1 at 2022-05-09 10:25:43 -0700
Processing by HumenController#create as TURBO_STREAM
  Parameters: {"authenticity_token"=>"[FILTERED]", "human"=>{"first_name"=>"6", "last_name"=>"7", "email"=>"8", "phone"=>"9", "twitter"=>"0"}, "commit"=>"Create Human"}
  [1m[36mTRANSACTION (0.1ms)[0m  [1m[36mbegin transaction[0m
  ↳ app/controllers/humen_controller.rb:27:in `block in create'
  [1m[36mHuman Create (0.3ms)[0m  [1m[32mINSERT INTO "humen" ("first_name", "last_name", "email", "phone", "twitter", "created_at", "updated_at") VALUES (?, ?, ?, ?, ?, ?, ?)[0m  [["first_name", "6"], ["last_name", "7"], ["email", "8"], ["phone", "9"], ["twitter", "0"], ["created_at", "2022-05-09 17:25:43.852701"], ["updated_at", "2022-05-09 17:25:43.852701"]]
  ↳ app/controllers/humen_controller.rb:27:in `block in create'
  [1m[36mTRANSACTION (1.1ms)[0m  [1m[36mcommit transaction[0m
  ↳ app/controllers/humen_controller.rb:27:in `block in create'
Redirected to http://localhost:3000/humen/2
Completed 302 Found in 6ms (ActiveRecord: 1.4ms | Allocations: 2155)


Started GET "/humen/2" for 127.0.0.1 at 2022-05-09 10:25:43 -0700
Processing by HumenController#show as TURBO_STREAM
  Parameters: {"id"=>"2"}
  [1m[36mHuman Load (0.1ms)[0m  [1m[34mSELECT "humen".* FROM "humen" WHERE "humen"."id" = ? LIMIT ?[0m  [["id", 2], ["LIMIT", 1]]
  ↳ app/controllers/humen_controller.rb:63:in `set_human'
  Rendering layout layouts/application.html.erb
  Rendering humen/show.html.erb within layouts/application
  Rendered humen/_human.html.erb (Duration: 0.1ms | Allocations: 29)
  Rendered humen/show.html.erb within layouts/application (Duration: 1.1ms | Allocations: 577)
  Rendered home/_header.html.erb (Duration: 0.1ms | Allocations: 84)
  Rendered layout layouts/application.html.erb (Duration: 4.0ms | Allocations: 2894)
Completed 200 OK in 6ms (Views: 4.4ms | ActiveRecord: 0.1ms | Allocations: 3603)


Started GET "/humen" for 127.0.0.1 at 2022-05-09 10:25:47 -0700
Processing by HumenController#index as HTML
  Rendering layout layouts/application.html.erb
  Rendering humen/index.html.erb within layouts/application
  [1m[36mHuman Load (0.1ms)[0m  [1m[34mSELECT "humen".* FROM "humen"[0m
  ↳ app/views/humen/index.html.erb:6
  Rendered humen/_human.html.erb (Duration: 0.1ms | Allocations: 29)
  Rendered humen/_human.html.erb (Duration: 0.1ms | Allocations: 28)
  Rendered humen/index.html.erb within layouts/application (Duration: 1.9ms | Allocations: 996)
  Rendered home/_header.html.erb (Duration: 0.2ms | Allocations: 84)
  Rendered layout layouts/application.html.erb (Duration: 5.3ms | Allocations: 3322)
Completed 200 OK in 6ms (Views: 5.7ms | ActiveRecord: 0.1ms | Allocations: 3588)


Started GET "/humen" for 127.0.0.1 at 2022-05-09 10:28:30 -0700
Processing by HumenController#index as HTML
  Rendering layout layouts/application.html.erb
  Rendering humen/index.html.erb within layouts/application
  [1m[36mHuman Load (0.2ms)[0m  [1m[34mSELECT "humen".* FROM "humen"[0m
  ↳ app/views/humen/index.html.erb:6
  Rendered humen/_human.html.erb (Duration: 0.6ms | Allocations: 271)
  Rendered humen/_human.html.erb (Duration: 0.1ms | Allocations: 28)
  Rendered humen/index.html.erb within layouts/application (Duration: 4.7ms | Allocations: 1559)
  Rendered home/_header.html.erb (Duration: 0.7ms | Allocations: 329)
  Rendered layout layouts/application.html.erb (Duration: 10.7ms | Allocations: 4464)
Completed 200 OK in 13ms (Views: 11.8ms | ActiveRecord: 0.2ms | Allocations: 5398)


Started GET "/humen" for 127.0.0.1 at 2022-05-09 10:28:31 -0700
Processing by HumenController#index as HTML
  Rendering layout layouts/application.html.erb
  Rendering humen/index.html.erb within layouts/application
  [1m[36mHuman Load (0.1ms)[0m  [1m[34mSELECT "humen".* FROM "humen"[0m
  ↳ app/views/humen/index.html.erb:6
  Rendered humen/_human.html.erb (Duration: 1.0ms | Allocations: 29)
  Rendered humen/_human.html.erb (Duration: 0.1ms | Allocations: 28)
  Rendered humen/index.html.erb within layouts/application (Duration: 3.6ms | Allocations: 1018)
  Rendered home/_header.html.erb (Duration: 0.2ms | Allocations: 121)
  Rendered layout layouts/application.html.erb (Duration: 7.2ms | Allocations: 3392)
Completed 200 OK in 8ms (Views: 7.6ms | ActiveRecord: 0.1ms | Allocations: 3659)


Started GET "/home/about" for 127.0.0.1 at 2022-05-09 10:28:32 -0700
Processing by HomeController#about as HTML
  Rendering layout layouts/application.html.erb
  Rendering home/about.html.erb within layouts/application
  Rendered home/about.html.erb within layouts/application (Duration: 1.2ms | Allocations: 114)
  Rendered home/_header.html.erb (Duration: 0.3ms | Allocations: 138)
  Rendered layout layouts/application.html.erb (Duration: 10.3ms | Allocations: 2657)
Completed 200 OK in 12ms (Views: 11.7ms | ActiveRecord: 0.0ms | Allocations: 3389)


Started GET "/humen" for 127.0.0.1 at 2022-05-09 10:28:33 -0700
Processing by HumenController#index as HTML
  Rendering layout layouts/application.html.erb
  Rendering humen/index.html.erb within layouts/application
  [1m[36mHuman Load (0.1ms)[0m  [1m[34mSELECT "humen".* FROM "humen"[0m
  ↳ app/views/humen/index.html.erb:6
  Rendered humen/_human.html.erb (Duration: 0.2ms | Allocations: 29)
  Rendered humen/_human.html.erb (Duration: 0.1ms | Allocations: 28)
  Rendered humen/index.html.erb within layouts/application (Duration: 3.1ms | Allocations: 1020)
  Rendered home/_header.html.erb (Duration: 1.9ms | Allocations: 124)
  Rendered layout layouts/application.html.erb (Duration: 17.4ms | Allocations: 3407)
Completed 200 OK in 19ms (Views: 18.2ms | ActiveRecord: 0.1ms | Allocations: 3675)


Started GET "/humen" for 127.0.0.1 at 2022-05-09 10:30:04 -0700
Processing by HumenController#index as HTML
  Rendering layout layouts/application.html.erb
  Rendering humen/index.html.erb within layouts/application
  [1m[36mHuman Load (0.1ms)[0m  [1m[34mSELECT "humen".* FROM "humen"[0m
  ↳ app/views/humen/index.html.erb:6
  Rendered humen/_human.html.erb (Duration: 0.6ms | Allocations: 271)
  Rendered humen/_human.html.erb (Duration: 0.1ms | Allocations: 28)
  Rendered humen/index.html.erb within layouts/application (Duration: 3.8ms | Allocations: 1564)
  Rendered home/_header.html.erb (Duration: 20.2ms | Allocations: 4630)
  Rendered layout layouts/application.html.erb (Duration: 31.1ms | Allocations: 8774)
Completed 500 Internal Server Error in 34ms (ActiveRecord: 0.1ms | Allocations: 9688)


  
ActionView::Template::Error (undefined local variable or method `new_humen_path' for #<ActionView::Base:0x00000000024db0>
Did you mean?  new_human_path):
    15:         </li>
    16: 
    17:         <li class="nav-item">
    18:           <%= link_to 'New human', new_humen_path, class:"nav-link" %>
    19:         </li>
    20:       </ul>
    21:       <form class="d-flex">
  
app/views/home/_header.html.erb:18
app/views/layouts/application.html.erb:22
Started GET "/humen" for 127.0.0.1 at 2022-05-09 10:30:05 -0700
Processing by HumenController#index as HTML
  Rendering layout layouts/application.html.erb
  Rendering humen/index.html.erb within layouts/application
  [1m[36mHuman Load (0.1ms)[0m  [1m[34mSELECT "humen".* FROM "humen"[0m
  ↳ app/views/humen/index.html.erb:6
  Rendered humen/_human.html.erb (Duration: 0.1ms | Allocations: 29)
  Rendered humen/_human.html.erb (Duration: 0.1ms | Allocations: 28)
  Rendered humen/index.html.erb within layouts/application (Duration: 2.0ms | Allocations: 1007)
  Rendered home/_header.html.erb (Duration: 17.5ms | Allocations: 4389)
  Rendered layout layouts/application.html.erb (Duration: 22.0ms | Allocations: 7668)
Completed 500 Internal Server Error in 23ms (ActiveRecord: 0.1ms | Allocations: 7909)


  
ActionView::Template::Error (undefined local variable or method `new_humen_path' for #<ActionView::Base:0x00000000025080>
Did you mean?  new_human_path):
    15:         </li>
    16: 
    17:         <li class="nav-item">
    18:           <%= link_to 'New human', new_humen_path, class:"nav-link" %>
    19:         </li>
    20:       </ul>
    21:       <form class="d-flex">
  
app/views/home/_header.html.erb:18
app/views/layouts/application.html.erb:22
Started GET "/humen" for 127.0.0.1 at 2022-05-09 10:30:08 -0700
Processing by HumenController#index as HTML
  Rendering layout layouts/application.html.erb
  Rendering humen/index.html.erb within layouts/application
  [1m[36mHuman Load (0.1ms)[0m  [1m[34mSELECT "humen".* FROM "humen"[0m
  ↳ app/views/humen/index.html.erb:6
  Rendered humen/_human.html.erb (Duration: 0.1ms | Allocations: 29)
  Rendered humen/_human.html.erb (Duration: 0.1ms | Allocations: 28)
  Rendered humen/index.html.erb within layouts/application (Duration: 2.3ms | Allocations: 1003)
  Rendered home/_header.html.erb (Duration: 18.2ms | Allocations: 4389)
  Rendered layout layouts/application.html.erb (Duration: 23.7ms | Allocations: 7648)
Completed 500 Internal Server Error in 24ms (ActiveRecord: 0.1ms | Allocations: 7886)


  
ActionView::Template::Error (undefined local variable or method `new_humen_path' for #<ActionView::Base:0x00000000025350>
Did you mean?  new_human_path):
    15:         </li>
    16: 
    17:         <li class="nav-item">
    18:           <%= link_to 'New human', new_humen_path, class:"nav-link" %>
    19:         </li>
    20:       </ul>
    21:       <form class="d-flex">
  
app/views/home/_header.html.erb:18
app/views/layouts/application.html.erb:22
Started GET "/humen" for 127.0.0.1 at 2022-05-09 10:30:37 -0700
Processing by HumenController#index as HTML
  Rendering layout layouts/application.html.erb
  Rendering humen/index.html.erb within layouts/application
  [1m[36mHuman Load (0.1ms)[0m  [1m[34mSELECT "humen".* FROM "humen"[0m
  ↳ app/views/humen/index.html.erb:6
  Rendered humen/_human.html.erb (Duration: 0.6ms | Allocations: 271)
  Rendered humen/_human.html.erb (Duration: 0.1ms | Allocations: 28)
  Rendered humen/index.html.erb within layouts/application (Duration: 4.2ms | Allocations: 1560)
  Rendered home/_header.html.erb (Duration: 0.7ms | Allocations: 392)
  Rendered layout layouts/application.html.erb (Duration: 9.9ms | Allocations: 4542)
Completed 200 OK in 12ms (Views: 11.1ms | ActiveRecord: 0.1ms | Allocations: 5476)


Started GET "/humen/new" for 127.0.0.1 at 2022-05-09 10:30:39 -0700
Processing by HumenController#new as HTML
  Rendering layout layouts/application.html.erb
  Rendering humen/new.html.erb within layouts/application
  Rendered humen/_form.html.erb (Duration: 7.6ms | Allocations: 2200)
  Rendered humen/new.html.erb within layouts/application (Duration: 10.2ms | Allocations: 2508)
  Rendered home/_header.html.erb (Duration: 0.2ms | Allocations: 161)
  Rendered layout layouts/application.html.erb (Duration: 15.8ms | Allocations: 4919)
Completed 200 OK in 17ms (Views: 16.4ms | ActiveRecord: 0.0ms | Allocations: 5242)


Started GET "/humen" for 127.0.0.1 at 2022-05-09 10:30:39 -0700
Processing by HumenController#index as HTML
  Rendering layout layouts/application.html.erb
  Rendering humen/index.html.erb within layouts/application
  [1m[36mHuman Load (0.1ms)[0m  [1m[34mSELECT "humen".* FROM "humen"[0m
  ↳ app/views/humen/index.html.erb:6
  Rendered humen/_human.html.erb (Duration: 0.1ms | Allocations: 29)
  Rendered humen/_human.html.erb (Duration: 0.1ms | Allocations: 28)
  Rendered humen/index.html.erb within layouts/application (Duration: 2.1ms | Allocations: 1001)
  Rendered home/_header.html.erb (Duration: 0.5ms | Allocations: 158)
  Rendered layout layouts/application.html.erb (Duration: 10.9ms | Allocations: 3401)
Completed 200 OK in 12ms (Views: 11.6ms | ActiveRecord: 0.1ms | Allocations: 3668)


Started GET "/home/about" for 127.0.0.1 at 2022-05-09 10:30:40 -0700
Processing by HomeController#about as HTML
  Rendering layout layouts/application.html.erb
  Rendering home/about.html.erb within layouts/application
  Rendered home/about.html.erb within layouts/application (Duration: 0.6ms | Allocations: 113)
  Rendered home/_header.html.erb (Duration: 0.3ms | Allocations: 176)
  Rendered layout layouts/application.html.erb (Duration: 4.6ms | Allocations: 2700)
Completed 200 OK in 6ms (Views: 5.8ms | ActiveRecord: 0.0ms | Allocations: 3429)


Started GET "/" for 127.0.0.1 at 2022-05-09 10:30:41 -0700
Processing by HomeController#index as HTML
  Rendering layout layouts/application.html.erb
  Rendering home/index.html.erb within layouts/application
  Rendered home/index.html.erb within layouts/application (Duration: 0.5ms | Allocations: 116)
  Rendered home/_header.html.erb (Duration: 0.5ms | Allocations: 176)
  Rendered layout layouts/application.html.erb (Duration: 5.1ms | Allocations: 2716)
Completed 200 OK in 6ms (Views: 5.7ms | ActiveRecord: 0.0ms | Allocations: 3022)


Started GET "/" for 127.0.0.1 at 2022-05-09 10:30:42 -0700
Processing by HomeController#index as HTML
  Rendering layout layouts/application.html.erb
  Rendering home/index.html.erb within layouts/application
  Rendered home/index.html.erb within layouts/application (Duration: 0.1ms | Allocations: 15)
  Rendered home/_header.html.erb (Duration: 0.2ms | Allocations: 168)
  Rendered layout layouts/application.html.erb (Duration: 3.2ms | Allocations: 2580)
Completed 200 OK in 4ms (Views: 3.6ms | ActiveRecord: 0.0ms | Allocations: 2834)


Started GET "/humen" for 127.0.0.1 at 2022-05-09 10:30:42 -0700
Processing by HumenController#index as HTML
  Rendering layout layouts/application.html.erb
  Rendering humen/index.html.erb within layouts/application
  [1m[36mHuman Load (0.1ms)[0m  [1m[34mSELECT "humen".* FROM "humen"[0m
  ↳ app/views/humen/index.html.erb:6
  Rendered humen/_human.html.erb (Duration: 0.1ms | Allocations: 29)
  Rendered humen/_human.html.erb (Duration: 0.1ms | Allocations: 28)
  Rendered humen/index.html.erb within layouts/application (Duration: 2.2ms | Allocations: 1014)
  Rendered home/_header.html.erb (Duration: 0.3ms | Allocations: 161)
  Rendered layout layouts/application.html.erb (Duration: 5.7ms | Allocations: 3428)
Completed 200 OK in 6ms (Views: 6.1ms | ActiveRecord: 0.1ms | Allocations: 3695)


Started GET "/humen/1" for 127.0.0.1 at 2022-05-09 10:30:54 -0700
Processing by HumenController#show as HTML
  Parameters: {"id"=>"1"}
  [1m[36mHuman Load (0.1ms)[0m  [1m[34mSELECT "humen".* FROM "humen" WHERE "humen"."id" = ? LIMIT ?[0m  [["id", 1], ["LIMIT", 1]]
  ↳ app/controllers/humen_controller.rb:63:in `set_human'
  Rendering layout layouts/application.html.erb
  Rendering humen/show.html.erb within layouts/application
  Rendered humen/_human.html.erb (Duration: 0.1ms | Allocations: 29)
  Rendered humen/show.html.erb within layouts/application (Duration: 1.6ms | Allocations: 769)
  Rendered home/_header.html.erb (Duration: 0.2ms | Allocations: 161)
  Rendered layout layouts/application.html.erb (Duration: 4.8ms | Allocations: 3172)
Completed 200 OK in 7ms (Views: 5.4ms | ActiveRecord: 0.1ms | Allocations: 3954)


Started GET "/humen" for 127.0.0.1 at 2022-05-09 10:34:46 -0700
Processing by HumenController#index as HTML
  Rendering layout layouts/application.html.erb
  Rendering humen/index.html.erb within layouts/application
  [1m[36mHuman Load (0.1ms)[0m  [1m[34mSELECT "humen".* FROM "humen"[0m
  ↳ app/views/humen/index.html.erb:6
  Rendered humen/_human.html.erb (Duration: 3.1ms | Allocations: 271)
  Rendered humen/_human.html.erb (Duration: 0.1ms | Allocations: 28)
  Rendered humen/index.html.erb within layouts/application (Duration: 9.0ms | Allocations: 1564)
  Rendered home/_header.html.erb (Duration: 1.0ms | Allocations: 392)
  Rendered layout layouts/application.html.erb (Duration: 14.8ms | Allocations: 4532)
Completed 200 OK in 17ms (Views: 16.1ms | ActiveRecord: 0.1ms | Allocations: 5466)


Started GET "/humen" for 127.0.0.1 at 2022-05-09 10:34:46 -0700
Processing by HumenController#index as HTML
  Rendering layout layouts/application.html.erb
  Rendering humen/index.html.erb within layouts/application
  [1m[36mHuman Load (0.1ms)[0m  [1m[34mSELECT "humen".* FROM "humen"[0m
  ↳ app/views/humen/index.html.erb:6
  Rendered humen/_human.html.erb (Duration: 0.2ms | Allocations: 29)
  Rendered humen/_human.html.erb (Duration: 0.1ms | Allocations: 28)
  Rendered humen/index.html.erb within layouts/application (Duration: 2.2ms | Allocations: 1001)
  Rendered home/_header.html.erb (Duration: 0.2ms | Allocations: 158)
  Rendered layout layouts/application.html.erb (Duration: 5.6ms | Allocations: 3412)
Completed 200 OK in 6ms (Views: 5.9ms | ActiveRecord: 0.1ms | Allocations: 3676)


Started GET "/humen" for 127.0.0.1 at 2022-05-09 10:35:58 -0700
Processing by HumenController#index as HTML
  Rendering layout layouts/application.html.erb
  Rendering humen/index.html.erb within layouts/application
  [1m[36mHuman Load (0.1ms)[0m  [1m[34mSELECT "humen".* FROM "humen"[0m
  ↳ app/views/humen/index.html.erb:6
  Rendered humen/_human.html.erb (Duration: 0.5ms | Allocations: 271)
  Rendered humen/_human.html.erb (Duration: 0.1ms | Allocations: 28)
  Rendered humen/index.html.erb within layouts/application (Duration: 3.4ms | Allocations: 1568)
  Rendered home/_header.html.erb (Duration: 0.6ms | Allocations: 392)
  Rendered layout layouts/application.html.erb (Duration: 10.5ms | Allocations: 4536)
Completed 200 OK in 13ms (Views: 11.8ms | ActiveRecord: 0.1ms | Allocations: 5470)


Started GET "/humen" for 127.0.0.1 at 2022-05-09 10:35:58 -0700
Processing by HumenController#index as HTML
  Rendering layout layouts/application.html.erb
  Rendering humen/index.html.erb within layouts/application
  [1m[36mHuman Load (0.1ms)[0m  [1m[34mSELECT "humen".* FROM "humen"[0m
  ↳ app/views/humen/index.html.erb:6
  Rendered humen/_human.html.erb (Duration: 0.1ms | Allocations: 29)
  Rendered humen/_human.html.erb (Duration: 0.1ms | Allocations: 28)
  Rendered humen/index.html.erb within layouts/application (Duration: 2.1ms | Allocations: 1009)
  Rendered home/_header.html.erb (Duration: 0.3ms | Allocations: 158)
  Rendered layout layouts/application.html.erb (Duration: 6.7ms | Allocations: 3420)
Completed 200 OK in 7ms (Views: 7.1ms | ActiveRecord: 0.1ms | Allocations: 3684)


Started GET "/humen" for 127.0.0.1 at 2022-05-09 10:35:59 -0700
Processing by HumenController#index as HTML
  Rendering layout layouts/application.html.erb
  Rendering humen/index.html.erb within layouts/application
  [1m[36mHuman Load (0.2ms)[0m  [1m[34mSELECT "humen".* FROM "humen"[0m
  ↳ app/views/humen/index.html.erb:6
  Rendered humen/_human.html.erb (Duration: 0.1ms | Allocations: 29)
  Rendered humen/_human.html.erb (Duration: 0.1ms | Allocations: 28)
  Rendered humen/index.html.erb within layouts/application (Duration: 2.0ms | Allocations: 1004)
  Rendered home/_header.html.erb (Duration: 0.2ms | Allocations: 158)
  Rendered layout layouts/application.html.erb (Duration: 5.0ms | Allocations: 3404)
Completed 200 OK in 6ms (Views: 5.3ms | ActiveRecord: 0.2ms | Allocations: 3667)


Started GET "/humen" for 127.0.0.1 at 2022-05-09 10:35:59 -0700
Processing by HumenController#index as HTML
  Rendering layout layouts/application.html.erb
  Rendering humen/index.html.erb within layouts/application
  [1m[36mHuman Load (0.1ms)[0m  [1m[34mSELECT "humen".* FROM "humen"[0m
  ↳ app/views/humen/index.html.erb:6
  Rendered humen/_human.html.erb (Duration: 0.1ms | Allocations: 29)
  Rendered humen/_human.html.erb (Duration: 0.1ms | Allocations: 28)
  Rendered humen/index.html.erb within layouts/application (Duration: 2.0ms | Allocations: 1004)
  Rendered home/_header.html.erb (Duration: 0.3ms | Allocations: 158)
  Rendered layout layouts/application.html.erb (Duration: 5.5ms | Allocations: 3404)
Completed 200 OK in 6ms (Views: 6.0ms | ActiveRecord: 0.1ms | Allocations: 3667)


Started GET "/humen" for 127.0.0.1 at 2022-05-09 10:35:59 -0700
Processing by HumenController#index as HTML
  Rendering layout layouts/application.html.erb
  Rendering humen/index.html.erb within layouts/application
  [1m[36mHuman Load (0.1ms)[0m  [1m[34mSELECT "humen".* FROM "humen"[0m
  ↳ app/views/humen/index.html.erb:6
  Rendered humen/_human.html.erb (Duration: 0.1ms | Allocations: 29)
  Rendered humen/_human.html.erb (Duration: 0.1ms | Allocations: 28)
  Rendered humen/index.html.erb within layouts/application (Duration: 2.2ms | Allocations: 1008)
  Rendered home/_header.html.erb (Duration: 0.2ms | Allocations: 158)
  Rendered layout layouts/application.html.erb (Duration: 5.0ms | Allocations: 3408)
Completed 200 OK in 6ms (Views: 5.8ms | ActiveRecord: 0.1ms | Allocations: 3671)


Started GET "/humen" for 127.0.0.1 at 2022-05-09 10:36:00 -0700
Processing by HumenController#index as HTML
  Rendering layout layouts/application.html.erb
  Rendering humen/index.html.erb within layouts/application
  [1m[36mHuman Load (0.1ms)[0m  [1m[34mSELECT "humen".* FROM "humen"[0m
  ↳ app/views/humen/index.html.erb:6
  Rendered humen/_human.html.erb (Duration: 0.2ms | Allocations: 29)
  Rendered humen/_human.html.erb (Duration: 0.1ms | Allocations: 28)
  Rendered humen/index.html.erb within layouts/application (Duration: 4.6ms | Allocations: 998)
  Rendered home/_header.html.erb (Duration: 0.2ms | Allocations: 158)
  Rendered layout layouts/application.html.erb (Duration: 8.2ms | Allocations: 3398)
Completed 200 OK in 9ms (Views: 8.6ms | ActiveRecord: 0.1ms | Allocations: 3661)


Started GET "/humen" for 127.0.0.1 at 2022-05-09 10:36:00 -0700
Processing by HumenController#index as HTML
  Rendering layout layouts/application.html.erb
  Rendering humen/index.html.erb within layouts/application
  [1m[36mHuman Load (0.1ms)[0m  [1m[34mSELECT "humen".* FROM "humen"[0m
  ↳ app/views/humen/index.html.erb:6
  Rendered humen/_human.html.erb (Duration: 0.2ms | Allocations: 29)
  Rendered humen/_human.html.erb (Duration: 0.1ms | Allocations: 28)
  Rendered humen/index.html.erb within layouts/application (Duration: 2.9ms | Allocations: 1014)
  Rendered home/_header.html.erb (Duration: 0.3ms | Allocations: 158)
  Rendered layout layouts/application.html.erb (Duration: 6.6ms | Allocations: 3414)
Completed 200 OK in 8ms (Views: 7.2ms | ActiveRecord: 0.1ms | Allocations: 3677)


Started GET "/humen" for 127.0.0.1 at 2022-05-09 10:36:00 -0700
Processing by HumenController#index as HTML
  Rendering layout layouts/application.html.erb
  Rendering humen/index.html.erb within layouts/application
  [1m[36mHuman Load (0.1ms)[0m  [1m[34mSELECT "humen".* FROM "humen"[0m
  ↳ app/views/humen/index.html.erb:6
  Rendered humen/_human.html.erb (Duration: 0.1ms | Allocations: 29)
  Rendered humen/_human.html.erb (Duration: 0.1ms | Allocations: 28)
  Rendered humen/index.html.erb within layouts/application (Duration: 3.1ms | Allocations: 1022)
  Rendered home/_header.html.erb (Duration: 0.2ms | Allocations: 158)
  Rendered layout layouts/application.html.erb (Duration: 8.5ms | Allocations: 3422)
Completed 200 OK in 9ms (Views: 8.9ms | ActiveRecord: 0.1ms | Allocations: 3685)


Started GET "/humen" for 127.0.0.1 at 2022-05-09 10:38:52 -0700
Processing by HumenController#index as HTML
  Rendering layout layouts/application.html.erb
  Rendering humen/index.html.erb within layouts/application
  [1m[36mHuman Load (0.1ms)[0m  [1m[34mSELECT "humen".* FROM "humen"[0m
  ↳ app/views/humen/index.html.erb:6
  Rendered humen/_human.html.erb (Duration: 0.8ms | Allocations: 271)
  Rendered humen/_human.html.erb (Duration: 0.1ms | Allocations: 28)
  Rendered humen/index.html.erb within layouts/application (Duration: 5.8ms | Allocations: 1558)
  Rendered home/_header.html.erb (Duration: 3.8ms | Allocations: 392)
  Rendered layout layouts/application.html.erb (Duration: 14.1ms | Allocations: 4526)
Completed 200 OK in 16ms (Views: 15.3ms | ActiveRecord: 0.1ms | Allocations: 5460)


Started GET "/humen" for 127.0.0.1 at 2022-05-09 10:38:53 -0700
Processing by HumenController#index as HTML
  Rendering layout layouts/application.html.erb
  Rendering humen/index.html.erb within layouts/application
  [1m[36mHuman Load (0.1ms)[0m  [1m[34mSELECT "humen".* FROM "humen"[0m
  ↳ app/views/humen/index.html.erb:6
  Rendered humen/_human.html.erb (Duration: 0.1ms | Allocations: 29)
  Rendered humen/_human.html.erb (Duration: 0.1ms | Allocations: 28)
  Rendered humen/index.html.erb within layouts/application (Duration: 2.1ms | Allocations: 1005)
  Rendered home/_header.html.erb (Duration: 0.2ms | Allocations: 158)
  Rendered layout layouts/application.html.erb (Duration: 9.0ms | Allocations: 3423)
Completed 200 OK in 10ms (Views: 9.4ms | ActiveRecord: 0.1ms | Allocations: 3688)


Started GET "/humen" for 127.0.0.1 at 2022-05-09 10:39:16 -0700
Processing by HumenController#index as HTML
  Rendering layout layouts/application.html.erb
  Rendering humen/index.html.erb within layouts/application
  [1m[36mHuman Load (0.1ms)[0m  [1m[34mSELECT "humen".* FROM "humen"[0m
  ↳ app/views/humen/index.html.erb:6
  Rendered humen/_human.html.erb (Duration: 0.5ms | Allocations: 271)
  Rendered humen/_human.html.erb (Duration: 0.1ms | Allocations: 28)
  Rendered humen/index.html.erb within layouts/application (Duration: 4.0ms | Allocations: 1576)
  Rendered home/_header.html.erb (Duration: 0.7ms | Allocations: 392)
  Rendered layout layouts/application.html.erb (Duration: 8.0ms | Allocations: 4547)
Completed 200 OK in 10ms (Views: 9.0ms | ActiveRecord: 0.1ms | Allocations: 5482)


Started GET "/humen" for 127.0.0.1 at 2022-05-09 10:39:16 -0700
Processing by HumenController#index as HTML
  Rendering layout layouts/application.html.erb
  Rendering humen/index.html.erb within layouts/application
  [1m[36mHuman Load (0.1ms)[0m  [1m[34mSELECT "humen".* FROM "humen"[0m
  ↳ app/views/humen/index.html.erb:6
  Rendered humen/_human.html.erb (Duration: 0.1ms | Allocations: 29)
  Rendered humen/_human.html.erb (Duration: 0.1ms | Allocations: 28)
  Rendered humen/index.html.erb within layouts/application (Duration: 2.5ms | Allocations: 999)
  Rendered home/_header.html.erb (Duration: 0.4ms | Allocations: 158)
  Rendered layout layouts/application.html.erb (Duration: 5.7ms | Allocations: 3410)
Completed 200 OK in 7ms (Views: 6.2ms | ActiveRecord: 0.1ms | Allocations: 3674)


Started GET "/humen" for 127.0.0.1 at 2022-05-09 10:39:34 -0700
Processing by HumenController#index as HTML
  Rendering layout layouts/application.html.erb
  Rendering humen/index.html.erb within layouts/application
  [1m[36mHuman Load (0.1ms)[0m  [1m[34mSELECT "humen".* FROM "humen"[0m
  ↳ app/views/humen/index.html.erb:6
  Rendered humen/_human.html.erb (Duration: 0.6ms | Allocations: 271)
  Rendered humen/_human.html.erb (Duration: 0.1ms | Allocations: 28)
  Rendered humen/index.html.erb within layouts/application (Duration: 3.7ms | Allocations: 1559)
  Rendered home/_header.html.erb (Duration: 0.7ms | Allocations: 392)
  Rendered layout layouts/application.html.erb (Duration: 8.4ms | Allocations: 4537)
Completed 200 OK in 12ms (Views: 10.6ms | ActiveRecord: 0.1ms | Allocations: 5471)


Started GET "/humen" for 127.0.0.1 at 2022-05-09 10:39:35 -0700
Processing by HumenController#index as HTML
  Rendering layout layouts/application.html.erb
  Rendering humen/index.html.erb within layouts/application
  [1m[36mHuman Load (0.1ms)[0m  [1m[34mSELECT "humen".* FROM "humen"[0m
  ↳ app/views/humen/index.html.erb:6
  Rendered humen/_human.html.erb (Duration: 0.1ms | Allocations: 29)
  Rendered humen/_human.html.erb (Duration: 0.1ms | Allocations: 28)
  Rendered humen/index.html.erb within layouts/application (Duration: 2.1ms | Allocations: 1017)
  Rendered home/_header.html.erb (Duration: 0.6ms | Allocations: 158)
  Rendered layout layouts/application.html.erb (Duration: 6.7ms | Allocations: 3428)
Completed 200 OK in 8ms (Views: 7.2ms | ActiveRecord: 0.1ms | Allocations: 3692)


Started GET "/humen" for 127.0.0.1 at 2022-05-09 10:39:35 -0700
Processing by HumenController#index as HTML
  Rendering layout layouts/application.html.erb
  Rendering humen/index.html.erb within layouts/application
  [1m[36mHuman Load (0.1ms)[0m  [1m[34mSELECT "humen".* FROM "humen"[0m
  ↳ app/views/humen/index.html.erb:6
  Rendered humen/_human.html.erb (Duration: 0.1ms | Allocations: 29)
  Rendered humen/_human.html.erb (Duration: 0.1ms | Allocations: 28)
  Rendered humen/index.html.erb within layouts/application (Duration: 2.2ms | Allocations: 1014)
  Rendered home/_header.html.erb (Duration: 0.3ms | Allocations: 158)
  Rendered layout layouts/application.html.erb (Duration: 7.0ms | Allocations: 3414)
Completed 200 OK in 8ms (Views: 7.5ms | ActiveRecord: 0.1ms | Allocations: 3677)


Started GET "/humen" for 127.0.0.1 at 2022-05-09 10:39:36 -0700
Processing by HumenController#index as HTML
  Rendering layout layouts/application.html.erb
  Rendering humen/index.html.erb within layouts/application
  [1m[36mHuman Load (0.1ms)[0m  [1m[34mSELECT "humen".* FROM "humen"[0m
  ↳ app/views/humen/index.html.erb:6
  Rendered humen/_human.html.erb (Duration: 0.1ms | Allocations: 29)
  Rendered humen/_human.html.erb (Duration: 0.1ms | Allocations: 28)
  Rendered humen/index.html.erb within layouts/application (Duration: 2.2ms | Allocations: 1004)
  Rendered home/_header.html.erb (Duration: 0.3ms | Allocations: 158)
  Rendered layout layouts/application.html.erb (Duration: 6.8ms | Allocations: 3404)
Completed 200 OK in 8ms (Views: 7.4ms | ActiveRecord: 0.1ms | Allocations: 3667)


Started GET "/humen" for 127.0.0.1 at 2022-05-09 10:39:36 -0700
Processing by HumenController#index as HTML
  Rendering layout layouts/application.html.erb
  Rendering humen/index.html.erb within layouts/application
  [1m[36mHuman Load (0.1ms)[0m  [1m[34mSELECT "humen".* FROM "humen"[0m
  ↳ app/views/humen/index.html.erb:6
  Rendered humen/_human.html.erb (Duration: 0.1ms | Allocations: 29)
  Rendered humen/_human.html.erb (Duration: 0.1ms | Allocations: 28)
  Rendered humen/index.html.erb within layouts/application (Duration: 2.0ms | Allocations: 1004)
  Rendered home/_header.html.erb (Duration: 0.2ms | Allocations: 158)
  Rendered layout layouts/application.html.erb (Duration: 5.2ms | Allocations: 3404)
Completed 200 OK in 6ms (Views: 5.6ms | ActiveRecord: 0.1ms | Allocations: 3667)


Started GET "/humen" for 127.0.0.1 at 2022-05-09 10:39:36 -0700
Processing by HumenController#index as HTML
  Rendering layout layouts/application.html.erb
  Rendering humen/index.html.erb within layouts/application
  [1m[36mHuman Load (0.1ms)[0m  [1m[34mSELECT "humen".* FROM "humen"[0m
  ↳ app/views/humen/index.html.erb:6
  Rendered humen/_human.html.erb (Duration: 0.1ms | Allocations: 29)
  Rendered humen/_human.html.erb (Duration: 0.1ms | Allocations: 28)
  Rendered humen/index.html.erb within layouts/application (Duration: 2.2ms | Allocations: 1000)
  Rendered home/_header.html.erb (Duration: 0.3ms | Allocations: 158)
  Rendered layout layouts/application.html.erb (Duration: 5.1ms | Allocations: 3400)
Completed 200 OK in 6ms (Views: 5.4ms | ActiveRecord: 0.1ms | Allocations: 3663)


Started GET "/humen" for 127.0.0.1 at 2022-05-09 10:40:34 -0700
Processing by HumenController#index as HTML
  Rendering layout layouts/application.html.erb
  Rendering humen/index.html.erb within layouts/application
  [1m[36mHuman Load (0.1ms)[0m  [1m[34mSELECT "humen".* FROM "humen"[0m
  ↳ app/views/humen/index.html.erb:5
  Rendered humen/_human.html.erb (Duration: 0.7ms | Allocations: 271)
  Rendered humen/_human.html.erb (Duration: 0.1ms | Allocations: 28)
  Rendered humen/index.html.erb within layouts/application (Duration: 3.8ms | Allocations: 1564)
  Rendered home/_header.html.erb (Duration: 0.7ms | Allocations: 392)
  Rendered layout layouts/application.html.erb (Duration: 9.4ms | Allocations: 4532)
Completed 200 OK in 12ms (Views: 11.0ms | ActiveRecord: 0.1ms | Allocations: 5466)


Started GET "/humen" for 127.0.0.1 at 2022-05-09 10:40:35 -0700
Processing by HumenController#index as HTML
  Rendering layout layouts/application.html.erb
  Rendering humen/index.html.erb within layouts/application
  [1m[36mHuman Load (0.1ms)[0m  [1m[34mSELECT "humen".* FROM "humen"[0m
  ↳ app/views/humen/index.html.erb:5
  Rendered humen/_human.html.erb (Duration: 0.2ms | Allocations: 29)
  Rendered humen/_human.html.erb (Duration: 0.1ms | Allocations: 28)
  Rendered humen/index.html.erb within layouts/application (Duration: 3.7ms | Allocations: 1009)
  Rendered home/_header.html.erb (Duration: 0.4ms | Allocations: 158)
  Rendered layout layouts/application.html.erb (Duration: 7.0ms | Allocations: 3420)
Completed 200 OK in 8ms (Views: 7.4ms | ActiveRecord: 0.1ms | Allocations: 3684)


Started GET "/humen" for 127.0.0.1 at 2022-05-09 10:40:35 -0700
Processing by HumenController#index as HTML
  Rendering layout layouts/application.html.erb
  Rendering humen/index.html.erb within layouts/application
  [1m[36mHuman Load (0.1ms)[0m  [1m[34mSELECT "humen".* FROM "humen"[0m
  ↳ app/views/humen/index.html.erb:5
  Rendered humen/_human.html.erb (Duration: 0.1ms | Allocations: 29)
  Rendered humen/_human.html.erb (Duration: 0.1ms | Allocations: 28)
  Rendered humen/index.html.erb within layouts/application (Duration: 2.5ms | Allocations: 1004)
  Rendered home/_header.html.erb (Duration: 0.2ms | Allocations: 158)
  Rendered layout layouts/application.html.erb (Duration: 7.6ms | Allocations: 3404)
Completed 200 OK in 8ms (Views: 8.0ms | ActiveRecord: 0.1ms | Allocations: 3667)


Started GET "/humen" for 127.0.0.1 at 2022-05-09 10:41:22 -0700
Processing by HumenController#index as HTML
  Rendering layout layouts/application.html.erb
  Rendering humen/index.html.erb within layouts/application
  [1m[36mHuman Load (0.1ms)[0m  [1m[34mSELECT "humen".* FROM "humen"[0m
  ↳ app/views/humen/index.html.erb:6
  Rendered humen/_human.html.erb (Duration: 0.6ms | Allocations: 271)
  Rendered humen/_human.html.erb (Duration: 0.1ms | Allocations: 28)
  Rendered humen/index.html.erb within layouts/application (Duration: 3.7ms | Allocations: 1575)
  Rendered home/_header.html.erb (Duration: 0.7ms | Allocations: 392)
  Rendered layout layouts/application.html.erb (Duration: 10.5ms | Allocations: 4543)
Completed 200 OK in 13ms (Views: 11.7ms | ActiveRecord: 0.1ms | Allocations: 5477)


Started GET "/humen" for 127.0.0.1 at 2022-05-09 10:41:23 -0700
Processing by HumenController#index as HTML
  Rendering layout layouts/application.html.erb
  Rendering humen/index.html.erb within layouts/application
  [1m[36mHuman Load (0.1ms)[0m  [1m[34mSELECT "humen".* FROM "humen"[0m
  ↳ app/views/humen/index.html.erb:6
  Rendered humen/_human.html.erb (Duration: 0.1ms | Allocations: 29)
  Rendered humen/_human.html.erb (Duration: 0.1ms | Allocations: 28)
  Rendered humen/index.html.erb within layouts/application (Duration: 1.9ms | Allocations: 1003)
  Rendered home/_header.html.erb (Duration: 0.2ms | Allocations: 158)
  Rendered layout layouts/application.html.erb (Duration: 5.9ms | Allocations: 3414)
Completed 200 OK in 7ms (Views: 6.3ms | ActiveRecord: 0.1ms | Allocations: 3678)


Started GET "/humen" for 127.0.0.1 at 2022-05-09 10:43:06 -0700
Processing by HumenController#index as HTML
  Rendering layout layouts/application.html.erb
  Rendering humen/index.html.erb within layouts/application
  [1m[36mHuman Load (0.3ms)[0m  [1m[34mSELECT "humen".* FROM "humen"[0m
  ↳ app/views/humen/index.html.erb:5
  Rendered humen/_human.html.erb (Duration: 0.7ms | Allocations: 277)
  Rendered humen/_human.html.erb (Duration: 0.1ms | Allocations: 28)
  Rendered humen/index.html.erb within layouts/application (Duration: 4.3ms | Allocations: 1553)
  Rendered home/_header.html.erb (Duration: 2.3ms | Allocations: 392)
  Rendered layout layouts/application.html.erb (Duration: 12.0ms | Allocations: 4521)
Completed 200 OK in 14ms (Views: 13.1ms | ActiveRecord: 0.3ms | Allocations: 5455)


Started GET "/humen" for 127.0.0.1 at 2022-05-09 10:43:06 -0700
Processing by HumenController#index as HTML
  Rendering layout layouts/application.html.erb
  Rendering humen/index.html.erb within layouts/application
  [1m[36mHuman Load (0.1ms)[0m  [1m[34mSELECT "humen".* FROM "humen"[0m
  ↳ app/views/humen/index.html.erb:5
  Rendered humen/_human.html.erb (Duration: 0.1ms | Allocations: 29)
  Rendered humen/_human.html.erb (Duration: 0.1ms | Allocations: 28)
  Rendered humen/index.html.erb within layouts/application (Duration: 2.2ms | Allocations: 1013)
  Rendered home/_header.html.erb (Duration: 0.2ms | Allocations: 158)
  Rendered layout layouts/application.html.erb (Duration: 5.1ms | Allocations: 3424)
Completed 200 OK in 6ms (Views: 5.6ms | ActiveRecord: 0.1ms | Allocations: 3688)


Started GET "/humen" for 127.0.0.1 at 2022-05-09 10:43:07 -0700
Processing by HumenController#index as HTML
  Rendering layout layouts/application.html.erb
  Rendering humen/index.html.erb within layouts/application
  [1m[36mHuman Load (0.1ms)[0m  [1m[34mSELECT "humen".* FROM "humen"[0m
  ↳ app/views/humen/index.html.erb:5
  Rendered humen/_human.html.erb (Duration: 0.1ms | Allocations: 29)
  Rendered humen/_human.html.erb (Duration: 0.1ms | Allocations: 28)
  Rendered humen/index.html.erb within layouts/application (Duration: 2.6ms | Allocations: 1012)
  Rendered home/_header.html.erb (Duration: 0.3ms | Allocations: 158)
  Rendered layout layouts/application.html.erb (Duration: 6.7ms | Allocations: 3412)
Completed 200 OK in 8ms (Views: 7.1ms | ActiveRecord: 0.1ms | Allocations: 3675)


Started GET "/humen" for 127.0.0.1 at 2022-05-09 10:43:07 -0700
Processing by HumenController#index as HTML
  Rendering layout layouts/application.html.erb
  Rendering humen/index.html.erb within layouts/application
  [1m[36mHuman Load (0.1ms)[0m  [1m[34mSELECT "humen".* FROM "humen"[0m
  ↳ app/views/humen/index.html.erb:5
  Rendered humen/_human.html.erb (Duration: 0.1ms | Allocations: 29)
  Rendered humen/_human.html.erb (Duration: 0.1ms | Allocations: 28)
  Rendered humen/index.html.erb within layouts/application (Duration: 1.7ms | Allocations: 1012)
  Rendered home/_header.html.erb (Duration: 0.2ms | Allocations: 158)
  Rendered layout layouts/application.html.erb (Duration: 5.6ms | Allocations: 3412)
Completed 200 OK in 6ms (Views: 6.0ms | ActiveRecord: 0.1ms | Allocations: 3675)


Started GET "/humen" for 127.0.0.1 at 2022-05-09 10:43:07 -0700
Processing by HumenController#index as HTML
  Rendering layout layouts/application.html.erb
  Rendering humen/index.html.erb within layouts/application
  [1m[36mHuman Load (0.1ms)[0m  [1m[34mSELECT "humen".* FROM "humen"[0m
  ↳ app/views/humen/index.html.erb:5
  Rendered humen/_human.html.erb (Duration: 0.1ms | Allocations: 29)
  Rendered humen/_human.html.erb (Duration: 0.1ms | Allocations: 28)
  Rendered humen/index.html.erb within layouts/application (Duration: 2.2ms | Allocations: 1016)
  Rendered home/_header.html.erb (Duration: 0.2ms | Allocations: 158)
  Rendered layout layouts/application.html.erb (Duration: 5.3ms | Allocations: 3416)
Completed 200 OK in 6ms (Views: 5.6ms | ActiveRecord: 0.1ms | Allocations: 3679)


Started GET "/humen" for 127.0.0.1 at 2022-05-09 10:43:14 -0700
Processing by HumenController#index as HTML
  Rendering layout layouts/application.html.erb
  Rendering humen/index.html.erb within layouts/application
  [1m[36mHuman Load (0.1ms)[0m  [1m[34mSELECT "humen".* FROM "humen"[0m
  ↳ app/views/humen/index.html.erb:5
  Rendered humen/_human.html.erb (Duration: 0.1ms | Allocations: 29)
  Rendered humen/_human.html.erb (Duration: 0.1ms | Allocations: 28)
  Rendered humen/index.html.erb within layouts/application (Duration: 1.9ms | Allocations: 1000)
  Rendered home/_header.html.erb (Duration: 0.3ms | Allocations: 158)
  Rendered layout layouts/application.html.erb (Duration: 6.2ms | Allocations: 3400)
Completed 200 OK in 7ms (Views: 6.9ms | ActiveRecord: 0.1ms | Allocations: 3663)


Started GET "/humen" for 127.0.0.1 at 2022-05-09 10:43:14 -0700
Processing by HumenController#index as HTML
  Rendering layout layouts/application.html.erb
  Rendering humen/index.html.erb within layouts/application
  [1m[36mHuman Load (0.1ms)[0m  [1m[34mSELECT "humen".* FROM "humen"[0m
  ↳ app/views/humen/index.html.erb:5
  Rendered humen/_human.html.erb (Duration: 0.1ms | Allocations: 29)
  Rendered humen/_human.html.erb (Duration: 0.1ms | Allocations: 28)
  Rendered humen/index.html.erb within layouts/application (Duration: 4.4ms | Allocations: 1006)
  Rendered home/_header.html.erb (Duration: 0.2ms | Allocations: 158)
  Rendered layout layouts/application.html.erb (Duration: 9.9ms | Allocations: 3420)
Completed 200 OK in 11ms (Views: 10.3ms | ActiveRecord: 0.1ms | Allocations: 3684)


Started GET "/humen/1" for 127.0.0.1 at 2022-05-09 10:43:15 -0700
Processing by HumenController#show as HTML
  Parameters: {"id"=>"1"}
  [1m[36mHuman Load (0.1ms)[0m  [1m[34mSELECT "humen".* FROM "humen" WHERE "humen"."id" = ? LIMIT ?[0m  [["id", 1], ["LIMIT", 1]]
  ↳ app/controllers/humen_controller.rb:63:in `set_human'
  Rendering layout layouts/application.html.erb
  Rendering humen/show.html.erb within layouts/application
  Rendered humen/_human.html.erb (Duration: 0.1ms | Allocations: 29)
  Rendered humen/show.html.erb within layouts/application (Duration: 2.9ms | Allocations: 774)
  Rendered home/_header.html.erb (Duration: 0.2ms | Allocations: 161)
  Rendered layout layouts/application.html.erb (Duration: 5.9ms | Allocations: 3180)
Completed 200 OK in 8ms (Views: 6.4ms | ActiveRecord: 0.1ms | Allocations: 3963)


Started GET "/humen" for 127.0.0.1 at 2022-05-09 10:52:54 -0700
Processing by HumenController#index as HTML
  Rendering layout layouts/application.html.erb
  Rendering humen/index.html.erb within layouts/application
  [1m[35m (0.1ms)[0m  [1m[34mSELECT sqlite_version(*)[0m
  ↳ app/views/humen/index.html.erb:5
  [1m[36mHuman Load (0.2ms)[0m  [1m[34mSELECT "humen".* FROM "humen"[0m
  ↳ app/views/humen/index.html.erb:5
  Rendered humen/_human.html.erb (Duration: 0.7ms | Allocations: 275)
  Rendered humen/_human.html.erb (Duration: 0.1ms | Allocations: 28)
  Rendered humen/index.html.erb within layouts/application (Duration: 6.2ms | Allocations: 2156)
  Rendered home/_header.html.erb (Duration: 1.1ms | Allocations: 392)
  Rendered layout layouts/application.html.erb (Duration: 12.2ms | Allocations: 5128)
Completed 200 OK in 15ms (Views: 13.7ms | ActiveRecord: 0.8ms | Allocations: 6062)


